<?xml version="1.0" encoding="UTF-8"?>
<testng-results skipped="0" failed="0" ignored="0" total="3" passed="3">
  <reporter-output>
  </reporter-output>
  <suite name="Test Automation suit for anyaut.com" duration-ms="47012" started-at="2018-09-28T22:36:31Z" finished-at="2018-09-28T22:37:18Z">
    <groups>
    </groups>
    <test name="POM and DDF Test" duration-ms="47012" started-at="2018-09-28T22:36:31Z" finished-at="2018-09-28T22:37:18Z">
      <class name="com.qa.testcases.LoginPageTest">
        <test-method status="PASS" signature="setUp()[pri:0, instance:com.qa.testcases.LoginPageTest@64d7f7e0]" name="setUp" is-config="true" duration-ms="12557" started-at="2018-09-28T22:36:31Z" finished-at="2018-09-28T22:36:43Z">
          <reporter-output>
          </reporter-output>
        </test-method> <!-- setUp -->
        <test-method status="PASS" signature="loginPageTitletest()[pri:1, instance:com.qa.testcases.LoginPageTest@64d7f7e0]" name="loginPageTitletest" duration-ms="0" started-at="2018-09-28T22:36:43Z" finished-at="2018-09-28T22:36:43Z">
          <reporter-output>
          </reporter-output>
        </test-method> <!-- loginPageTitletest -->
        <test-method status="PASS" signature="tearDown()[pri:0, instance:com.qa.testcases.LoginPageTest@64d7f7e0]" name="tearDown" is-config="true" duration-ms="303" started-at="2018-09-28T22:36:43Z" finished-at="2018-09-28T22:36:43Z">
          <reporter-output>
          </reporter-output>
        </test-method> <!-- tearDown -->
        <test-method status="PASS" signature="setUp()[pri:0, instance:com.qa.testcases.LoginPageTest@64d7f7e0]" name="setUp" is-config="true" duration-ms="11446" started-at="2018-09-28T22:36:43Z" finished-at="2018-09-28T22:36:55Z">
          <reporter-output>
          </reporter-output>
        </test-method> <!-- setUp -->
        <test-method status="PASS" signature="anyautLogoImageTest()[pri:2, instance:com.qa.testcases.LoginPageTest@64d7f7e0]" name="anyautLogoImageTest" duration-ms="48" started-at="2018-09-28T22:36:55Z" finished-at="2018-09-28T22:36:55Z">
          <reporter-output>
          </reporter-output>
        </test-method> <!-- anyautLogoImageTest -->
        <test-method status="PASS" signature="tearDown()[pri:0, instance:com.qa.testcases.LoginPageTest@64d7f7e0]" name="tearDown" is-config="true" duration-ms="524" started-at="2018-09-28T22:36:55Z" finished-at="2018-09-28T22:36:55Z">
          <reporter-output>
          </reporter-output>
        </test-method> <!-- tearDown -->
        <test-method status="PASS" signature="setUp()[pri:0, instance:com.qa.testcases.LoginPageTest@64d7f7e0]" name="setUp" is-config="true" duration-ms="10906" started-at="2018-09-28T22:36:55Z" finished-at="2018-09-28T22:37:06Z">
          <reporter-output>
          </reporter-output>
        </test-method> <!-- setUp -->
        <test-method status="PASS" signature="loginTest()[pri:3, instance:com.qa.testcases.LoginPageTest@64d7f7e0]" name="loginTest" duration-ms="10852" started-at="2018-09-28T22:37:06Z" finished-at="2018-09-28T22:37:17Z">
          <reporter-output>
          </reporter-output>
        </test-method> <!-- loginTest -->
        <test-method status="PASS" signature="tearDown()[pri:0, instance:com.qa.testcases.LoginPageTest@64d7f7e0]" name="tearDown" is-config="true" duration-ms="342" started-at="2018-09-28T22:37:17Z" finished-at="2018-09-28T22:37:18Z">
          <reporter-output>
          </reporter-output>
        </test-method> <!-- tearDown -->
      </class> <!-- com.qa.testcases.LoginPageTest -->
    </test> <!-- POM and DDF Test -->
  </suite> <!-- Test Automation suit for anyaut.com -->
</testng-results>
