<?xml version="1.0" encoding="UTF-8"?>
<!-- Generated by org.testng.reporters.JUnitXMLReporter -->
<testsuite hostname="DESKTOP-QORI3ML" ignored="0" name="POM and DDF Test" tests="3" failures="0" timestamp="28 Sep 2018 22:37:18 GMT" time="47.012" errors="0">
  <testcase name="loginPageTitletest" time="0.0" classname="com.qa.testcases.LoginPageTest"/>
  <testcase name="anyautLogoImageTest" time="0.048" classname="com.qa.testcases.LoginPageTest"/>
  <testcase name="loginTest" time="10.852" classname="com.qa.testcases.LoginPageTest"/>
</testsuite> <!-- POM and DDF Test -->
